<?xml version="1.0" encoding="UTF-8"?>
<!-- Generated by org.testng.reporters.JUnitReportReporter -->
<testsuite hostname="LAPTOP-2VINANR3" failures="0" tests="2" name="WebScrap" time="20.995" errors="0" timestamp="2023-11-20T11:43:44 IST" skipped="0">
  <testcase classname="WebScrap" name="webScraperTest" time="14.081"/>
  <testcase classname="WebScrap" name="webScraperTest" time="6.914"/>
</testsuite> <!-- WebScrap -->
